<?xml version="1.0" encoding="UTF-8"?>
<!-- Generated by org.testng.reporters.JUnitXMLReporter -->
<testsuite ignored="23" hostname="VERITY-98" failures="0" tests="1" name="Default test" time="124.998" errors="0" timestamp="12 abr. 2021 15:28:38 GMT">
  <testcase classname="test.Tests_AdmInstituciones" name="Script_0115" time="91.636"/>
  <testcase classname="test.Tests_AdmInstituciones" name="Script_0114" time="0.0">
    <ignored/>
  </testcase> <!-- Script_0114 -->
  <testcase classname="test.Tests_AdmInstituciones" name="Script_0083" time="0.0">
    <ignored/>
  </testcase> <!-- Script_0083 -->
  <testcase classname="test.Tests_AdmInstituciones" name="Script_0081" time="0.0">
    <ignored/>
  </testcase> <!-- Script_0081 -->
  <testcase classname="test.Tests_AdmInstituciones" name="Script_0082" time="0.0">
    <ignored/>
  </testcase> <!-- Script_0082 -->
  <testcase classname="test.Tests_AdmInstituciones" name="Script_0113" time="0.0">
    <ignored/>
  </testcase> <!-- Script_0113 -->
  <testcase classname="test.Tests_AdmInstituciones" name="Script_0078" time="0.0">
    <ignored/>
  </testcase> <!-- Script_0078 -->
  <testcase classname="test.Tests_AdmInstituciones" name="Script_0089" time="0.0">
    <ignored/>
  </testcase> <!-- Script_0089 -->
  <testcase classname="test.Tests_AdmInstituciones" name="Script_0111" time="0.0">
    <ignored/>
  </testcase> <!-- Script_0111 -->
  <testcase classname="test.Tests_AdmInstituciones" name="Script_0079" time="0.0">
    <ignored/>
  </testcase> <!-- Script_0079 -->
  <testcase classname="test.Tests_AdmInstituciones" name="Script_0101" time="0.0">
    <ignored/>
  </testcase> <!-- Script_0101 -->
  <testcase classname="test.Tests_AdmInstituciones" name="Script_0112" time="0.0">
    <ignored/>
  </testcase> <!-- Script_0112 -->
  <testcase classname="test.Tests_AdmInstituciones" name="Script_0087" time="0.0">
    <ignored/>
  </testcase> <!-- Script_0087 -->
  <testcase classname="test.Tests_AdmInstituciones" name="Script_0088" time="0.0">
    <ignored/>
  </testcase> <!-- Script_0088 -->
  <testcase classname="test.Tests_AdmInstituciones" name="Script_0110" time="0.0">
    <ignored/>
  </testcase> <!-- Script_0110 -->
  <testcase classname="test.Tests_AdmInstituciones" name="Script_0085" time="0.0">
    <ignored/>
  </testcase> <!-- Script_0085 -->
  <testcase classname="test.Tests_AdmInstituciones" name="Script_0086" time="0.0">
    <ignored/>
  </testcase> <!-- Script_0086 -->
  <testcase classname="test.Tests_AdmInstituciones" name="Script_0084" time="0.0">
    <ignored/>
  </testcase> <!-- Script_0084 -->
  <testcase classname="test.Tests_AdmInstituciones" name="Script_0108" time="0.0">
    <ignored/>
  </testcase> <!-- Script_0108 -->
  <testcase classname="test.Tests_AdmInstituciones" name="Script_0109" time="0.0">
    <ignored/>
  </testcase> <!-- Script_0109 -->
  <testcase classname="test.Tests_AdmInstituciones" name="Script_0106" time="0.0">
    <ignored/>
  </testcase> <!-- Script_0106 -->
  <testcase classname="test.Tests_AdmInstituciones" name="Script_0107" time="0.0">
    <ignored/>
  </testcase> <!-- Script_0107 -->
  <testcase classname="test.Tests_AdmInstituciones" name="Script_0104" time="0.0">
    <ignored/>
  </testcase> <!-- Script_0104 -->
  <testcase classname="test.Tests_AdmInstituciones" name="Script_0105" time="0.0">
    <ignored/>
  </testcase> <!-- Script_0105 -->
</testsuite> <!-- Default test -->
