<?xml version="1.0" encoding="UTF-8"?>
<!-- Generated by org.testng.reporters.JUnitXMLReporter -->
<testsuite ignored="24" hostname="LauraAndrade" failures="0" tests="1" name="Default test" time="88.902" errors="0" timestamp="07 may. 2021 19:50:45 GMT">
  <testcase classname="test.Test_MisDocumentos" name="Script_1099" time="82.236"/>
  <testcase classname="test.Test_MisDocumentos" name="Script_1096" time="0.0">
    <ignored/>
  </testcase> <!-- Script_1096 -->
  <testcase classname="test.Test_MisDocumentos" name="Script_1063" time="0.0">
    <ignored/>
  </testcase> <!-- Script_1063 -->
  <testcase classname="test.Test_MisDocumentos" name="Script_1077" time="0.0">
    <ignored/>
  </testcase> <!-- Script_1077 -->
  <testcase classname="test.Test_MisDocumentos" name="Script_1075" time="0.0">
    <ignored/>
  </testcase> <!-- Script_1075 -->
  <testcase classname="test.Test_MisDocumentos" name="Script_1086" time="0.0">
    <ignored/>
  </testcase> <!-- Script_1086 -->
  <testcase classname="test.Test_MisDocumentos" name="Script_1078" time="0.0">
    <ignored/>
  </testcase> <!-- Script_1078 -->
  <testcase classname="test.Test_MisDocumentos" name="Script_1067" time="0.0">
    <ignored/>
  </testcase> <!-- Script_1067 -->
  <testcase classname="test.Test_MisDocumentos" name="Script_1090" time="0.0">
    <ignored/>
  </testcase> <!-- Script_1090 -->
  <testcase classname="test.Test_MisDocumentos" name="Script_1079" time="0.0">
    <ignored/>
  </testcase> <!-- Script_1079 -->
  <testcase classname="test.Test_MisDocumentos" name="Script_1068" time="0.0">
    <ignored/>
  </testcase> <!-- Script_1068 -->
  <testcase classname="test.Test_MisDocumentos" name="Script_1076" time="0.0">
    <ignored/>
  </testcase> <!-- Script_1076 -->
  <testcase classname="test.Test_MisDocumentos" name="Script_1098" time="0.0">
    <ignored/>
  </testcase> <!-- Script_1098 -->
  <testcase classname="test.Test_MisDocumentos" name="Script_1087" time="0.0">
    <ignored/>
  </testcase> <!-- Script_1087 -->
  <testcase classname="test.Test_MisDocumentos" name="Script_1080" time="0.0">
    <ignored/>
  </testcase> <!-- Script_1080 -->
  <testcase classname="test.Test_MisDocumentos" name="Script_1072" time="0.0">
    <ignored/>
  </testcase> <!-- Script_1072 -->
  <testcase classname="test.Test_MisDocumentos" name="Script_1070" time="0.0">
    <ignored/>
  </testcase> <!-- Script_1070 -->
  <testcase classname="test.Test_MisDocumentos" name="Script_1092" time="0.0">
    <ignored/>
  </testcase> <!-- Script_1092 -->
  <testcase classname="test.Test_MisDocumentos" name="Script_1081" time="0.0">
    <ignored/>
  </testcase> <!-- Script_1081 -->
  <testcase classname="test.Test_MisDocumentos" name="Script_1095" time="0.0">
    <ignored/>
  </testcase> <!-- Script_1095 -->
  <testcase classname="test.Test_MisDocumentos" name="Script_1062" time="0.0">
    <ignored/>
  </testcase> <!-- Script_1062 -->
  <testcase classname="test.Test_MisDocumentos" name="Script_1084" time="0.0">
    <ignored/>
  </testcase> <!-- Script_1084 -->
  <testcase classname="test.Test_MisDocumentos" name="Script_1071" time="0.0">
    <ignored/>
  </testcase> <!-- Script_1071 -->
  <testcase classname="test.Test_MisDocumentos" name="Script_1093" time="0.0">
    <ignored/>
  </testcase> <!-- Script_1093 -->
  <testcase classname="test.Test_MisDocumentos" name="Script_1082" time="0.0">
    <ignored/>
  </testcase> <!-- Script_1082 -->
</testsuite> <!-- Default test -->
