<?xml version="1.0" encoding="UTF-8"?>
<testng-results ignored="15" total="16" passed="1" failed="0" skipped="0">
  <reporter-output>
  </reporter-output>
  <suite started-at="2021-04-16T14:48:12Z" name="Default suite" finished-at="2021-04-16T14:49:16Z" duration-ms="63892">
    <groups>
    </groups>
    <test started-at="2021-04-16T14:48:12Z" name="Default test" finished-at="2021-04-16T14:49:16Z" duration-ms="63892">
      <class name="test.Tests_Usuarios">
        <test-method is-config="true" signature="setUp()[pri:0, instance:test.Tests_Usuarios@2141a12]" started-at="2021-04-16T14:48:12Z" name="setUp" finished-at="2021-04-16T14:48:23Z" duration-ms="11157" status="PASS">
          <reporter-output>
          </reporter-output>
        </test-method> <!-- setUp -->
        <test-method signature="Script_0220()[pri:0, instance:test.Tests_Usuarios@2141a12]" started-at="2021-04-16T14:48:23Z" name="Script_0220" finished-at="2021-04-16T14:49:15Z" duration-ms="52079" status="PASS">
          <reporter-output>
          </reporter-output>
        </test-method> <!-- Script_0220 -->
        <test-method is-config="true" signature="FinEjecucion()[pri:0, instance:test.Tests_Usuarios@2141a12]" started-at="2021-04-16T14:49:15Z" name="FinEjecucion" finished-at="2021-04-16T14:49:16Z" duration-ms="629" status="PASS">
          <reporter-output>
          </reporter-output>
        </test-method> <!-- FinEjecucion -->
      </class> <!-- test.Tests_Usuarios -->
    </test> <!-- Default test -->
  </suite> <!-- Default suite -->
</testng-results>
